mode: set
github.com/matrixorigin/matrixone/pkg/vm/engine/tpe/tuplecodec/decoder.go:29.59,33.2 3 1
github.com/matrixorigin/matrixone/pkg/vm/engine/tpe/tuplecodec/decoder.go:35.56,37.2 1 1
github.com/matrixorigin/matrixone/pkg/vm/engine/tpe/tuplecodec/decoder.go:40.76,42.30 2 1
github.com/matrixorigin/matrixone/pkg/vm/engine/tpe/tuplecodec/decoder.go:46.2,46.27 1 1
github.com/matrixorigin/matrixone/pkg/vm/engine/tpe/tuplecodec/decoder.go:42.30,44.3 1 1
github.com/matrixorigin/matrixone/pkg/vm/engine/tpe/tuplecodec/decoder.go:50.107,52.16 2 1
github.com/matrixorigin/matrixone/pkg/vm/engine/tpe/tuplecodec/decoder.go:55.2,56.16 2 1
github.com/matrixorigin/matrixone/pkg/vm/engine/tpe/tuplecodec/decoder.go:59.2,59.53 1 1
github.com/matrixorigin/matrixone/pkg/vm/engine/tpe/tuplecodec/decoder.go:62.2,63.20 2 1
github.com/matrixorigin/matrixone/pkg/vm/engine/tpe/tuplecodec/decoder.go:52.16,54.3 1 0
github.com/matrixorigin/matrixone/pkg/vm/engine/tpe/tuplecodec/decoder.go:56.16,58.3 1 0
github.com/matrixorigin/matrixone/pkg/vm/engine/tpe/tuplecodec/decoder.go:59.53,61.3 1 0
github.com/matrixorigin/matrixone/pkg/vm/engine/tpe/tuplecodec/decoder.go:67.106,69.16 2 1
github.com/matrixorigin/matrixone/pkg/vm/engine/tpe/tuplecodec/decoder.go:72.2,73.17 2 1
github.com/matrixorigin/matrixone/pkg/vm/engine/tpe/tuplecodec/decoder.go:76.2,76.54 1 1
github.com/matrixorigin/matrixone/pkg/vm/engine/tpe/tuplecodec/decoder.go:79.2,80.55 2 1
github.com/matrixorigin/matrixone/pkg/vm/engine/tpe/tuplecodec/decoder.go:69.16,71.3 1 0
github.com/matrixorigin/matrixone/pkg/vm/engine/tpe/tuplecodec/decoder.go:73.17,75.3 1 0
github.com/matrixorigin/matrixone/pkg/vm/engine/tpe/tuplecodec/decoder.go:76.54,78.3 1 0
github.com/matrixorigin/matrixone/pkg/vm/engine/tpe/tuplecodec/decoder.go:84.106,86.15 2 1
github.com/matrixorigin/matrixone/pkg/vm/engine/tpe/tuplecodec/decoder.go:89.2,90.16 2 1
github.com/matrixorigin/matrixone/pkg/vm/engine/tpe/tuplecodec/decoder.go:93.2,93.54 1 1
github.com/matrixorigin/matrixone/pkg/vm/engine/tpe/tuplecodec/decoder.go:96.2,98.22 3 1
github.com/matrixorigin/matrixone/pkg/vm/engine/tpe/tuplecodec/decoder.go:86.15,88.3 1 0
github.com/matrixorigin/matrixone/pkg/vm/engine/tpe/tuplecodec/decoder.go:90.16,92.3 1 0
github.com/matrixorigin/matrixone/pkg/vm/engine/tpe/tuplecodec/decoder.go:93.54,95.3 1 0
github.com/matrixorigin/matrixone/pkg/vm/engine/tpe/tuplecodec/decoder.go:103.138,104.32 1 1
github.com/matrixorigin/matrixone/pkg/vm/engine/tpe/tuplecodec/decoder.go:108.2,111.39 3 1
github.com/matrixorigin/matrixone/pkg/vm/engine/tpe/tuplecodec/decoder.go:123.2,123.26 1 1
github.com/matrixorigin/matrixone/pkg/vm/engine/tpe/tuplecodec/decoder.go:104.32,106.3 1 0
github.com/matrixorigin/matrixone/pkg/vm/engine/tpe/tuplecodec/decoder.go:111.39,113.17 2 1
github.com/matrixorigin/matrixone/pkg/vm/engine/tpe/tuplecodec/decoder.go:116.3,116.50 1 1
github.com/matrixorigin/matrixone/pkg/vm/engine/tpe/tuplecodec/decoder.go:120.3,121.15 2 1
github.com/matrixorigin/matrixone/pkg/vm/engine/tpe/tuplecodec/decoder.go:113.17,115.4 1 0
github.com/matrixorigin/matrixone/pkg/vm/engine/tpe/tuplecodec/decoder.go:116.50,119.4 2 1
github.com/matrixorigin/matrixone/pkg/vm/engine/tpe/tuplecodec/decoder.go:128.194,131.20 3 1
github.com/matrixorigin/matrixone/pkg/vm/engine/tpe/tuplecodec/decoder.go:139.2,139.26 1 1
github.com/matrixorigin/matrixone/pkg/vm/engine/tpe/tuplecodec/decoder.go:131.20,133.17 2 1
github.com/matrixorigin/matrixone/pkg/vm/engine/tpe/tuplecodec/decoder.go:136.3,137.15 2 1
github.com/matrixorigin/matrixone/pkg/vm/engine/tpe/tuplecodec/decoder.go:133.17,135.4 1 0
github.com/matrixorigin/matrixone/pkg/vm/engine/tpe/tuplecodec/encoder.go:38.59,45.2 6 1
github.com/matrixorigin/matrixone/pkg/vm/engine/tpe/tuplecodec/encoder.go:48.119,49.31 1 1
github.com/matrixorigin/matrixone/pkg/vm/engine/tpe/tuplecodec/encoder.go:52.2,52.32 1 1
github.com/matrixorigin/matrixone/pkg/vm/engine/tpe/tuplecodec/encoder.go:56.2,57.15 2 1
github.com/matrixorigin/matrixone/pkg/vm/engine/tpe/tuplecodec/encoder.go:49.31,50.28 1 1
github.com/matrixorigin/matrixone/pkg/vm/engine/tpe/tuplecodec/encoder.go:52.32,54.3 1 1
github.com/matrixorigin/matrixone/pkg/vm/engine/tpe/tuplecodec/encoder.go:60.56,62.2 1 1
github.com/matrixorigin/matrixone/pkg/vm/engine/tpe/tuplecodec/encoder.go:65.116,69.2 3 1
github.com/matrixorigin/matrixone/pkg/vm/engine/tpe/tuplecodec/encoder.go:72.128,76.2 3 1
github.com/matrixorigin/matrixone/pkg/vm/engine/tpe/tuplecodec/encoder.go:79.137,83.2 3 1
github.com/matrixorigin/matrixone/pkg/vm/engine/tpe/tuplecodec/encoder.go:90.59,91.32 1 1
github.com/matrixorigin/matrixone/pkg/vm/engine/tpe/tuplecodec/encoder.go:101.2,102.40 2 1
github.com/matrixorigin/matrixone/pkg/vm/engine/tpe/tuplecodec/encoder.go:115.2,115.22 1 1
github.com/matrixorigin/matrixone/pkg/vm/engine/tpe/tuplecodec/encoder.go:91.32,93.3 1 0
github.com/matrixorigin/matrixone/pkg/vm/engine/tpe/tuplecodec/encoder.go:102.40,104.17 2 1
github.com/matrixorigin/matrixone/pkg/vm/engine/tpe/tuplecodec/encoder.go:109.3,109.19 1 1
github.com/matrixorigin/matrixone/pkg/vm/engine/tpe/tuplecodec/encoder.go:113.3,113.38 1 1
github.com/matrixorigin/matrixone/pkg/vm/engine/tpe/tuplecodec/encoder.go:104.17,106.4 1 0
github.com/matrixorigin/matrixone/pkg/vm/engine/tpe/tuplecodec/encoder.go:109.19,111.4 1 0
github.com/matrixorigin/matrixone/pkg/vm/engine/tpe/tuplecodec/encoder.go:123.76,124.32 1 1
github.com/matrixorigin/matrixone/pkg/vm/engine/tpe/tuplecodec/encoder.go:128.2,129.16 2 1
github.com/matrixorigin/matrixone/pkg/vm/engine/tpe/tuplecodec/encoder.go:132.2,133.35 2 1
github.com/matrixorigin/matrixone/pkg/vm/engine/tpe/tuplecodec/encoder.go:145.2,145.22 1 1
github.com/matrixorigin/matrixone/pkg/vm/engine/tpe/tuplecodec/encoder.go:124.32,126.3 1 0
github.com/matrixorigin/matrixone/pkg/vm/engine/tpe/tuplecodec/encoder.go:129.16,131.3 1 0
github.com/matrixorigin/matrixone/pkg/vm/engine/tpe/tuplecodec/encoder.go:133.35,135.17 2 1
github.com/matrixorigin/matrixone/pkg/vm/engine/tpe/tuplecodec/encoder.go:139.3,140.17 2 1
github.com/matrixorigin/matrixone/pkg/vm/engine/tpe/tuplecodec/encoder.go:143.3,143.19 1 1
github.com/matrixorigin/matrixone/pkg/vm/engine/tpe/tuplecodec/encoder.go:135.17,137.4 1 0
github.com/matrixorigin/matrixone/pkg/vm/engine/tpe/tuplecodec/encoder.go:140.17,142.4 1 0
github.com/matrixorigin/matrixone/pkg/vm/engine/tpe/tuplecodec/encoder.go:151.122,153.18 2 1
github.com/matrixorigin/matrixone/pkg/vm/engine/tpe/tuplecodec/encoder.go:168.2,168.38 1 1
github.com/matrixorigin/matrixone/pkg/vm/engine/tpe/tuplecodec/encoder.go:173.2,177.16 3 1
github.com/matrixorigin/matrixone/pkg/vm/engine/tpe/tuplecodec/encoder.go:182.2,187.23 5 1
github.com/matrixorigin/matrixone/pkg/vm/engine/tpe/tuplecodec/encoder.go:153.18,155.3 1 1
github.com/matrixorigin/matrixone/pkg/vm/engine/tpe/tuplecodec/encoder.go:155.7,156.23 1 1
github.com/matrixorigin/matrixone/pkg/vm/engine/tpe/tuplecodec/encoder.go:157.15,158.34 1 1
github.com/matrixorigin/matrixone/pkg/vm/engine/tpe/tuplecodec/encoder.go:159.15,160.33 1 1
github.com/matrixorigin/matrixone/pkg/vm/engine/tpe/tuplecodec/encoder.go:161.15,162.34 1 1
github.com/matrixorigin/matrixone/pkg/vm/engine/tpe/tuplecodec/encoder.go:163.11,164.35 1 0
github.com/matrixorigin/matrixone/pkg/vm/engine/tpe/tuplecodec/encoder.go:168.38,170.3 1 0
github.com/matrixorigin/matrixone/pkg/vm/engine/tpe/tuplecodec/encoder.go:177.16,179.3 1 0
github.com/matrixorigin/matrixone/pkg/vm/engine/tpe/tuplecodec/encoder.go:191.106,192.20 1 1
github.com/matrixorigin/matrixone/pkg/vm/engine/tpe/tuplecodec/encoder.go:196.2,197.17 2 1
github.com/matrixorigin/matrixone/pkg/vm/engine/tpe/tuplecodec/encoder.go:211.2,212.20 2 1
github.com/matrixorigin/matrixone/pkg/vm/engine/tpe/tuplecodec/encoder.go:216.2,216.19 1 1
github.com/matrixorigin/matrixone/pkg/vm/engine/tpe/tuplecodec/encoder.go:221.2,222.45 2 1
github.com/matrixorigin/matrixone/pkg/vm/engine/tpe/tuplecodec/encoder.go:225.2,233.42 4 1
github.com/matrixorigin/matrixone/pkg/vm/engine/tpe/tuplecodec/encoder.go:262.2,267.6 1 1
github.com/matrixorigin/matrixone/pkg/vm/engine/tpe/tuplecodec/encoder.go:192.20,194.3 1 0
github.com/matrixorigin/matrixone/pkg/vm/engine/tpe/tuplecodec/encoder.go:198.24,199.36 1 1
github.com/matrixorigin/matrixone/pkg/vm/engine/tpe/tuplecodec/encoder.go:200.26,201.38 1 1
github.com/matrixorigin/matrixone/pkg/vm/engine/tpe/tuplecodec/encoder.go:202.26,203.38 1 1
github.com/matrixorigin/matrixone/pkg/vm/engine/tpe/tuplecodec/encoder.go:204.25,205.37 1 1
github.com/matrixorigin/matrixone/pkg/vm/engine/tpe/tuplecodec/encoder.go:206.10,207.39 1 0
github.com/matrixorigin/matrixone/pkg/vm/engine/tpe/tuplecodec/encoder.go:212.20,214.3 1 0
github.com/matrixorigin/matrixone/pkg/vm/engine/tpe/tuplecodec/encoder.go:216.19,218.3 1 0
github.com/matrixorigin/matrixone/pkg/vm/engine/tpe/tuplecodec/encoder.go:222.45,224.3 1 0
github.com/matrixorigin/matrixone/pkg/vm/engine/tpe/tuplecodec/encoder.go:233.42,239.17 5 1
github.com/matrixorigin/matrixone/pkg/vm/engine/tpe/tuplecodec/encoder.go:243.3,244.17 2 1
github.com/matrixorigin/matrixone/pkg/vm/engine/tpe/tuplecodec/encoder.go:247.3,247.20 1 1
github.com/matrixorigin/matrixone/pkg/vm/engine/tpe/tuplecodec/encoder.go:239.17,241.4 1 0
github.com/matrixorigin/matrixone/pkg/vm/engine/tpe/tuplecodec/encoder.go:244.17,246.4 1 0
github.com/matrixorigin/matrixone/pkg/vm/engine/tpe/tuplecodec/encoder.go:248.7,248.47 1 1
github.com/matrixorigin/matrixone/pkg/vm/engine/tpe/tuplecodec/encoder.go:248.47,251.17 3 1
github.com/matrixorigin/matrixone/pkg/vm/engine/tpe/tuplecodec/encoder.go:254.3,254.21 1 1
github.com/matrixorigin/matrixone/pkg/vm/engine/tpe/tuplecodec/encoder.go:251.17,253.4 1 0
github.com/matrixorigin/matrixone/pkg/vm/engine/tpe/tuplecodec/encoder.go:255.8,257.17 2 1
github.com/matrixorigin/matrixone/pkg/vm/engine/tpe/tuplecodec/encoder.go:257.17,259.4 1 0
github.com/matrixorigin/matrixone/pkg/vm/engine/tpe/tuplecodec/types.go:46.63,53.2 3 1
github.com/matrixorigin/matrixone/pkg/vm/engine/tpe/tuplecodec/types.go:55.61,57.2 1 1
github.com/matrixorigin/matrixone/pkg/vm/engine/tpe/tuplecodec/types.go:59.62,61.2 1 1
